<?xml version="1.0" encoding="UTF-8"?>
<!-- Generated by org.testng.reporters.JUnitReportReporter -->
<testsuite hostname="INT-01919" name="apitesting.SimplGetTest" tests="1" failures="0" timestamp="15 Apr 2019 13:02:49 GMT" time="2.666" errors="0">
  <testcase name="GetWeatherDetails" time="2.666" classname="apitesting.SimplGetTest"/>
</testsuite> <!-- apitesting.SimplGetTest -->
