<?xml version="1.0" encoding="UTF-8"?>
<!-- Generated by org.testng.reporters.JUnitReportReporter -->
<testsuite hostname="INT-01919" name="apitesting.ValidateStatusCode" tests="1" failures="0" timestamp="15 Apr 2019 13:04:22 GMT" time="2.565" errors="0">
  <testcase name="GetStatusCode" time="2.565" classname="apitesting.ValidateStatusCode"/>
</testsuite> <!-- apitesting.ValidateStatusCode -->
